#
# A fatal error has been detected by the Java Runtime Environment:
#
#  EXCEPTION_UNCAUGHT_CXX_EXCEPTION (0xe06d7363) at pc=0x00007fffe8b9f218, pid=14808, tid=0x0000000000004460
#
# JRE version: Java(TM) SE Runtime Environment (8.0_131-b11) (build 1.8.0_131-b11)
# Java VM: Java HotSpot(TM) 64-Bit Server VM (25.131-b11 mixed mode windows-amd64 compressed oops)
# Problematic frame:
# C  [KERNELBASE.dll+0x3f218]
#
# Failed to write core dump. Minidumps are not enabled by default on client versions of Windows
#
# If you would like to submit a bug report, please visit:
#   http://bugreport.java.com/bugreport/crash.jsp
# The crash happened outside the Java Virtual Machine in native code.
# See problematic frame for where to report the bug.
#

---------------  T H R E A D  ---------------

Current thread (0x00000000027e2800):  JavaThread "main" [_thread_in_native, id=17504, stack(0x00000000026e0000,0x00000000027e0000)]

siginfo: ExceptionCode=0xe06d7363, ExceptionInformation=0x0000000019930520 0x00000000027ddf10 0x00007fff9661fb38 0x00007fff96370000 

Registers:
RAX=0x00007fffe8fb9510, RBX=0x00000000027defe0, RCX=0x00000000027dde00, RDX=0x00000000027dd958
RSP=0x00000000027ddd60, RBP=0x00000000027ddea0, RSI=0x00007fff9661fb38, RDI=0x0000000000000068
R8 =0x00007fffe8eded24, R9 =0x00000000027ddd98, R10=0x00007fffe8f4e516, R11=0x00000000027dd930
R12=0x00000000ffffff29, R13=0x0000000000000000, R14=0x00000000027ddf10, R15=0x00000000027df0b8
RIP=0x00007fffe8b9f218, EFLAGS=0x0000000000000206

Top of Stack: (sp=0x00000000027ddd60)
0x00000000027ddd60:   00000007c002ac08 00000000027defe0
0x00000000027ddd70:   00007fff9661fb38 0000000000000068
0x00000000027ddd80:   00000001e06d7363 0000000000000000
0x00000000027ddd90:   00007fffe8b9f218 00007fff00000004
0x00000000027ddda0:   0000000019930520 00000000027ddf10
0x00000000027dddb0:   00007fff9661fb38 00007fff96370000
0x00000000027dddc0:   00000000027ddf10 00000000ffffff29
0x00000000027dddd0:   0000000000000068 00007fff9661fb38
0x00000000027ddde0:   00000000027ddea0 00007fffebd3a39f
0x00000000027dddf0:   00000000027ddec0 00007fff00000000
0x00000000027dde00:   00007fffe8fb9510 00000000027ddf80
0x00000000027dde10:   00007fff9664e000 00007fff96370000
0x00000000027dde20:   000005bf9e7698a6 00007fffe8fb9510
0x00000000027dde30:   00000000027defe0 00007fffd34746e2
0x00000000027dde40:   00000000027dde78 00000000027dde80
0x00000000027dde50:   00000000027dde88 00007fffe8ed5075 

Instructions: (pc=0x00007fffe8b9f218)
0x00007fffe8b9f1f8:   49 8b d1 44 0f 47 c0 44 89 44 24 38 49 c1 e0 03
0x00007fffe8b9f208:   e8 8a db 03 00 48 8d 4c 24 20 ff 15 60 32 14 00
0x00007fffe8b9f218:   48 8b 8c 24 c0 00 00 00 48 33 cc e8 b8 aa 03 00
0x00007fffe8b9f228:   48 81 c4 d8 00 00 00 c3 83 64 24 38 00 eb d6 cc 


Register to memory mapping:

RAX=0x00007fffe8fb9510 is an unknown value
RBX=0x00000000027defe0 is pointing into the stack for thread: 0x00000000027e2800
RCX=0x00000000027dde00 is pointing into the stack for thread: 0x00000000027e2800
RDX=0x00000000027dd958 is pointing into the stack for thread: 0x00000000027e2800
RSP=0x00000000027ddd60 is pointing into the stack for thread: 0x00000000027e2800
RBP=0x00000000027ddea0 is pointing into the stack for thread: 0x00000000027e2800
RSI=0x00007fff9661fb38 is an unknown value
RDI=0x0000000000000068 is an unknown value
R8 =0x00007fffe8eded24 is an unknown value
R9 =0x00000000027ddd98 is pointing into the stack for thread: 0x00000000027e2800
R10=0x00007fffe8f4e516 is an unknown value
R11=0x00000000027dd930 is pointing into the stack for thread: 0x00000000027e2800
R12=0x00000000ffffff29 is an unknown value
R13=0x0000000000000000 is an unknown value
R14=0x00000000027ddf10 is pointing into the stack for thread: 0x00000000027e2800
R15=0x00000000027df0b8 is pointing into the stack for thread: 0x00000000027e2800


Stack: [0x00000000026e0000,0x00000000027e0000],  sp=0x00000000027ddd60,  free space=1015k
Native frames: (J=compiled Java code, j=interpreted, Vv=VM code, C=native code)
C  [KERNELBASE.dll+0x3f218]
C  [VCRUNTIME140.dll+0x46e2]
C  [opencv_core341.dll+0x1b50fa]
C  [opencv_core341.dll+0x1b524a]
C  [opencv_core341.dll+0x138821]
C  [opencv_core341.dll+0x5ea22]
C  [opencv_imgcodecs341.dll+0x2a5b]
C  [opencv_imgcodecs341.dll+0xe62f]
C  [jniopencv_imgcodecs.dll+0x1646e]
C  0x00000000029f7f74

Java frames: (J=compiled Java code, j=interpreted, Vv=VM code)
j  org.bytedeco.javacpp.opencv_imgcodecs.cvSaveImage(Ljava/lang/String;Lorg/bytedeco/javacpp/helper/opencv_core$CvArr;)I+0
j  org.quinn.test.OpticalFlowTracker.main([Ljava/lang/String;)V+437
v  ~StubRoutines::call_stub

---------------  P R O C E S S  ---------------

Java Threads: ( => current thread )
  0x000000001ee8f800 JavaThread "JavaCPP Deallocator" daemon [_thread_blocked, id=14688, stack(0x0000000020a00000,0x0000000020b00000)]
  0x000000001ec4e800 JavaThread "Service Thread" daemon [_thread_blocked, id=17816, stack(0x000000001f770000,0x000000001f870000)]
  0x000000001ebb5000 JavaThread "C1 CompilerThread3" daemon [_thread_blocked, id=6400, stack(0x000000001f670000,0x000000001f770000)]
  0x000000001eb7b000 JavaThread "C2 CompilerThread2" daemon [_thread_blocked, id=1472, stack(0x000000001f570000,0x000000001f670000)]
  0x000000001ebaa000 JavaThread "C2 CompilerThread1" daemon [_thread_blocked, id=15996, stack(0x000000001f470000,0x000000001f570000)]
  0x000000001eb7a000 JavaThread "C2 CompilerThread0" daemon [_thread_blocked, id=14352, stack(0x000000001f370000,0x000000001f470000)]
  0x000000001eba2000 JavaThread "Monitor Ctrl-Break" daemon [_thread_in_native, id=13064, stack(0x000000001f270000,0x000000001f370000)]
  0x000000001e3a8800 JavaThread "Attach Listener" daemon [_thread_blocked, id=16112, stack(0x000000001e970000,0x000000001ea70000)]
  0x000000001e355000 JavaThread "Signal Dispatcher" daemon [_thread_blocked, id=17052, stack(0x000000001e870000,0x000000001e970000)]
  0x000000001c454800 JavaThread "Finalizer" daemon [_thread_blocked, id=16880, stack(0x000000001e710000,0x000000001e810000)]
  0x000000001c44d800 JavaThread "Reference Handler" daemon [_thread_blocked, id=10572, stack(0x000000001e210000,0x000000001e310000)]
=>0x00000000027e2800 JavaThread "main" [_thread_in_native, id=17504, stack(0x00000000026e0000,0x00000000027e0000)]

Other Threads:
  0x00000000028de800 VMThread [stack: 0x000000001e110000,0x000000001e210000] [id=17608]
  0x000000001ed65000 WatcherThread [stack: 0x000000001f870000,0x000000001f970000] [id=17964]

VM state:not at safepoint (normal execution)

VM Mutex/Monitor currently owned by a thread: None

Heap:
 PSYoungGen      total 76288K, used 5610K [0x000000076b400000, 0x0000000770900000, 0x00000007c0000000)
  eden space 65536K, 5% used [0x000000076b400000,0x000000076b7c9f18,0x000000076f400000)
  from space 10752K, 16% used [0x000000076f400000,0x000000076f5b0bd8,0x000000076fe80000)
  to   space 10752K, 0% used [0x000000076fe80000,0x000000076fe80000,0x0000000770900000)
 ParOldGen       total 175104K, used 24K [0x00000006c1c00000, 0x00000006cc700000, 0x000000076b400000)
  object space 175104K, 0% used [0x00000006c1c00000,0x00000006c1c06000,0x00000006cc700000)
 Metaspace       used 7619K, capacity 7702K, committed 7808K, reserved 1056768K
  class space    used 787K, capacity 817K, committed 896K, reserved 1048576K

Card table byte_map: [0x0000000011da0000,0x00000000125a0000] byte_map_base: 0x000000000e792000

Marking Bits: (ParMarkBitMap*) 0x000000005d01c720
 Begin Bits: [0x00000000132f0000, 0x0000000017280000)
 End Bits:   [0x0000000017280000, 0x000000001b210000)

Polling page: 0x00000000022c0000

CodeCache: size=245760Kb used=3710Kb max_used=3710Kb free=242050Kb
 bounds [0x00000000029e0000, 0x0000000002d90000, 0x00000000119e0000]
 total_blobs=1161 nmethods=736 adapters=338
 compilation: enabled

Compilation events (10 events):
Event: 3.840 Thread 0x000000001ebb5000  732       3       sun.util.calendar.Gregorian$Date::setNormalizedYear (7 bytes)
Event: 3.840 Thread 0x000000001ebb5000 nmethod 732 0x0000000002d80e50 code [0x0000000002d80fc0, 0x0000000002d81230]
Event: 3.840 Thread 0x000000001ebb5000  733       3       sun.util.calendar.CalendarDate::setYear (20 bytes)
Event: 3.840 Thread 0x000000001ebb5000 nmethod 733 0x0000000002d812d0 code [0x0000000002d81420, 0x0000000002d815b0]
Event: 3.840 Thread 0x000000001ebb5000  734       3       sun.util.calendar.CalendarDate::setMonth (20 bytes)
Event: 3.840 Thread 0x000000001ebb5000 nmethod 734 0x0000000002d81610 code [0x0000000002d81760, 0x0000000002d818f0]
Event: 3.840 Thread 0x000000001ebb5000  735       3       sun.util.calendar.CalendarDate::setDayOfMonth (20 bytes)
Event: 3.841 Thread 0x000000001ebb5000 nmethod 735 0x0000000002d81950 code [0x0000000002d81aa0, 0x0000000002d81c30]
Event: 3.969 Thread 0x000000001ebb5000  736       1       java.nio.Buffer::limit (5 bytes)
Event: 3.969 Thread 0x000000001ebb5000 nmethod 736 0x0000000002d81c90 code [0x0000000002d81de0, 0x0000000002d81ef0]

GC Heap History (6 events):
Event: 1.537 GC heap before
{Heap before GC invocations=1 (full 0):
 PSYoungGen      total 76288K, used 65536K [0x000000076b400000, 0x0000000770900000, 0x00000007c0000000)
  eden space 65536K, 100% used [0x000000076b400000,0x000000076f400000,0x000000076f400000)
  from space 10752K, 0% used [0x000000076fe80000,0x000000076fe80000,0x0000000770900000)
  to   space 10752K, 0% used [0x000000076f400000,0x000000076f400000,0x000000076fe80000)
 ParOldGen       total 175104K, used 0K [0x00000006c1c00000, 0x00000006cc700000, 0x000000076b400000)
  object space 175104K, 0% used [0x00000006c1c00000,0x00000006c1c00000,0x00000006cc700000)
 Metaspace       used 7245K, capacity 7286K, committed 7552K, reserved 1056768K
  class space    used 755K, capacity 785K, committed 896K, reserved 1048576K
Event: 1.540 GC heap after
Heap after GC invocations=1 (full 0):
 PSYoungGen      total 76288K, used 3067K [0x000000076b400000, 0x0000000770900000, 0x00000007c0000000)
  eden space 65536K, 0% used [0x000000076b400000,0x000000076b400000,0x000000076f400000)
  from space 10752K, 28% used [0x000000076f400000,0x000000076f6fef08,0x000000076fe80000)
  to   space 10752K, 0% used [0x000000076fe80000,0x000000076fe80000,0x0000000770900000)
 ParOldGen       total 175104K, used 8K [0x00000006c1c00000, 0x00000006cc700000, 0x000000076b400000)
  object space 175104K, 0% used [0x00000006c1c00000,0x00000006c1c02000,0x00000006cc700000)
 Metaspace       used 7245K, capacity 7286K, committed 7552K, reserved 1056768K
  class space    used 755K, capacity 785K, committed 896K, reserved 1048576K
}
Event: 2.579 GC heap before
{Heap before GC invocations=2 (full 0):
 PSYoungGen      total 76288K, used 68603K [0x000000076b400000, 0x0000000770900000, 0x00000007c0000000)
  eden space 65536K, 100% used [0x000000076b400000,0x000000076f400000,0x000000076f400000)
  from space 10752K, 28% used [0x000000076f400000,0x000000076f6fef08,0x000000076fe80000)
  to   space 10752K, 0% used [0x000000076fe80000,0x000000076fe80000,0x0000000770900000)
 ParOldGen       total 175104K, used 8K [0x00000006c1c00000, 0x00000006cc700000, 0x000000076b400000)
  object space 175104K, 0% used [0x00000006c1c00000,0x00000006c1c02000,0x00000006cc700000)
 Metaspace       used 7326K, capacity 7414K, committed 7552K, reserved 1056768K
  class space    used 756K, capacity 785K, committed 896K, reserved 1048576K
Event: 2.581 GC heap after
Heap after GC invocations=2 (full 0):
 PSYoungGen      total 76288K, used 1745K [0x000000076b400000, 0x0000000770900000, 0x00000007c0000000)
  eden space 65536K, 0% used [0x000000076b400000,0x000000076b400000,0x000000076f400000)
  from space 10752K, 16% used [0x000000076fe80000,0x00000007700347a8,0x0000000770900000)
  to   space 10752K, 0% used [0x000000076f400000,0x000000076f400000,0x000000076fe80000)
 ParOldGen       total 175104K, used 16K [0x00000006c1c00000, 0x00000006cc700000, 0x000000076b400000)
  object space 175104K, 0% used [0x00000006c1c00000,0x00000006c1c04000,0x00000006cc700000)
 Metaspace       used 7326K, capacity 7414K, committed 7552K, reserved 1056768K
  class space    used 756K, capacity 785K, committed 896K, reserved 1048576K
}
Event: 3.881 GC heap before
{Heap before GC invocations=3 (full 0):
 PSYoungGen      total 76288K, used 67281K [0x000000076b400000, 0x0000000770900000, 0x00000007c0000000)
  eden space 65536K, 100% used [0x000000076b400000,0x000000076f400000,0x000000076f400000)
  from space 10752K, 16% used [0x000000076fe80000,0x00000007700347a8,0x0000000770900000)
  to   space 10752K, 0% used [0x000000076f400000,0x000000076f400000,0x000000076fe80000)
 ParOldGen       total 175104K, used 16K [0x00000006c1c00000, 0x00000006cc700000, 0x000000076b400000)
  object space 175104K, 0% used [0x00000006c1c00000,0x00000006c1c04000,0x00000006cc700000)
 Metaspace       used 7619K, capacity 7702K, committed 7808K, reserved 1056768K
  class space    used 787K, capacity 817K, committed 896K, reserved 1048576K
Event: 3.882 GC heap after
Heap after GC invocations=3 (full 0):
 PSYoungGen      total 76288K, used 1730K [0x000000076b400000, 0x0000000770900000, 0x00000007c0000000)
  eden space 65536K, 0% used [0x000000076b400000,0x000000076b400000,0x000000076f400000)
  from space 10752K, 16% used [0x000000076f400000,0x000000076f5b0bd8,0x000000076fe80000)
  to   space 10752K, 0% used [0x000000076fe80000,0x000000076fe80000,0x0000000770900000)
 ParOldGen       total 175104K, used 24K [0x00000006c1c00000, 0x00000006cc700000, 0x000000076b400000)
  object space 175104K, 0% used [0x00000006c1c00000,0x00000006c1c06000,0x00000006cc700000)
 Metaspace       used 7619K, capacity 7702K, committed 7808K, reserved 1056768K
  class space    used 787K, capacity 817K, committed 896K, reserved 1048576K
}

Deoptimization events (4 events):
Event: 1.809 Thread 0x00000000027e2800 Uncommon trap: reason=unstable_if action=reinterpret pc=0x0000000002c85c0c method=java.lang.String.lastIndexOf([CII[CIII)I @ 66
Event: 1.809 Thread 0x00000000027e2800 Uncommon trap: reason=unstable_if action=reinterpret pc=0x0000000002c8a350 method=sun.misc.URLClassPath$FileLoader.getResource(Ljava/lang/String;Z)Lsun/misc/Resource; @ 139
Event: 1.809 Thread 0x00000000027e2800 Uncommon trap: reason=unstable_if action=reinterpret pc=0x0000000002ca4ee8 method=sun.misc.URLClassPath$FileLoader.findResource(Ljava/lang/String;Z)Ljava/net/URL; @ 8
Event: 2.115 Thread 0x00000000027e2800 Uncommon trap: reason=unstable_if action=reinterpret pc=0x0000000002c8cc38 method=sun.misc.URLClassPath$FileLoader.findResource(Ljava/lang/String;Z)Ljava/net/URL; @ 8

Internal exceptions (10 events):
Event: 0.238 Thread 0x00000000027e2800 Exception <a 'java/security/PrivilegedActionException'> (0x000000076b796a80) thrown at [C:\re\workspace\8-2-build-windows-amd64-cygwin\jdk8u131\8869\hotspot\src\share\vm\prims\jvm.cpp, line 1390]
Event: 0.238 Thread 0x00000000027e2800 Exception <a 'java/security/PrivilegedActionException'> (0x000000076b796c90) thrown at [C:\re\workspace\8-2-build-windows-amd64-cygwin\jdk8u131\8869\hotspot\src\share\vm\prims\jvm.cpp, line 1390]
Event: 0.238 Thread 0x00000000027e2800 Exception <a 'java/security/PrivilegedActionException'> (0x000000076b798208) thrown at [C:\re\workspace\8-2-build-windows-amd64-cygwin\jdk8u131\8869\hotspot\src\share\vm\prims\jvm.cpp, line 1390]
Event: 0.238 Thread 0x00000000027e2800 Exception <a 'java/security/PrivilegedActionException'> (0x000000076b798418) thrown at [C:\re\workspace\8-2-build-windows-amd64-cygwin\jdk8u131\8869\hotspot\src\share\vm\prims\jvm.cpp, line 1390]
Event: 0.239 Thread 0x00000000027e2800 Exception <a 'java/security/PrivilegedActionException'> (0x000000076b7999d0) thrown at [C:\re\workspace\8-2-build-windows-amd64-cygwin\jdk8u131\8869\hotspot\src\share\vm\prims\jvm.cpp, line 1390]
Event: 0.239 Thread 0x00000000027e2800 Exception <a 'java/security/PrivilegedActionException'> (0x000000076b799be0) thrown at [C:\re\workspace\8-2-build-windows-amd64-cygwin\jdk8u131\8869\hotspot\src\share\vm\prims\jvm.cpp, line 1390]
Event: 0.295 Thread 0x00000000027e2800 Exception <a 'java/security/PrivilegedActionException'> (0x000000076b8c4d00) thrown at [C:\re\workspace\8-2-build-windows-amd64-cygwin\jdk8u131\8869\hotspot\src\share\vm\prims\jvm.cpp, line 1390]
Event: 0.295 Thread 0x00000000027e2800 Exception <a 'java/security/PrivilegedActionException'> (0x000000076b8c4f10) thrown at [C:\re\workspace\8-2-build-windows-amd64-cygwin\jdk8u131\8869\hotspot\src\share\vm\prims\jvm.cpp, line 1390]
Event: 0.296 Thread 0x00000000027e2800 Exception <a 'java/security/PrivilegedActionException'> (0x000000076b8c8e20) thrown at [C:\re\workspace\8-2-build-windows-amd64-cygwin\jdk8u131\8869\hotspot\src\share\vm\prims\jvm.cpp, line 1390]
Event: 0.296 Thread 0x00000000027e2800 Exception <a 'java/security/PrivilegedActionException'> (0x000000076b8c9030) thrown at [C:\re\workspace\8-2-build-windows-amd64-cygwin\jdk8u131\8869\hotspot\src\share\vm\prims\jvm.cpp, line 1390]

Events (10 events):
Event: 3.245 loading class org/bytedeco/javacpp/helper/opencv_video$AbstractCvKalman
Event: 3.245 loading class org/bytedeco/javacpp/helper/opencv_video$AbstractCvKalman done
Event: 3.245 loading class org/bytedeco/javacpp/opencv_video$BackgroundSubtractorMOG2
Event: 3.245 loading class org/bytedeco/javacpp/opencv_video$BackgroundSubtractorMOG2 done
Event: 3.245 loading class org/bytedeco/javacpp/opencv_video$BackgroundSubtractor
Event: 3.245 loading class org/bytedeco/javacpp/opencv_video$BackgroundSubtractor done
Event: 3.245 loading class org/bytedeco/javacpp/opencv_video$BackgroundSubtractorKNN
Event: 3.245 loading class org/bytedeco/javacpp/opencv_video$BackgroundSubtractorKNN done
Event: 3.881 Executing VM operation: ParallelGCFailedAllocation
Event: 3.882 Executing VM operation: ParallelGCFailedAllocation done


Dynamic libraries:
0x00007ff734290000 - 0x00007ff7342c7000 	D:\Program Files\Java\jdk1.8.0_131\bin\java.exe
0x00007fffebd30000 - 0x00007fffebf11000 	C:\WINDOWS\SYSTEM32\ntdll.dll
0x00007fffeafb0000 - 0x00007fffeb062000 	C:\WINDOWS\System32\KERNEL32.DLL
0x00007fffe8b60000 - 0x00007fffe8dd3000 	C:\WINDOWS\System32\KERNELBASE.dll
0x00007fffeb070000 - 0x00007fffeb111000 	C:\WINDOWS\System32\ADVAPI32.dll
0x00007fffeb550000 - 0x00007fffeb5ee000 	C:\WINDOWS\System32\msvcrt.dll
0x00007fffeb2b0000 - 0x00007fffeb30b000 	C:\WINDOWS\System32\sechost.dll
0x00007fffebb70000 - 0x00007fffebc94000 	C:\WINDOWS\System32\RPCRT4.dll
0x00007fffeb120000 - 0x00007fffeb2b0000 	C:\WINDOWS\System32\USER32.dll
0x00007fffe8eb0000 - 0x00007fffe8ed0000 	C:\WINDOWS\System32\win32u.dll
0x00007fffe9630000 - 0x00007fffe9658000 	C:\WINDOWS\System32\GDI32.dll
0x00007fffe8100000 - 0x00007fffe8292000 	C:\WINDOWS\System32\gdi32full.dll
0x00007fffe8300000 - 0x00007fffe839f000 	C:\WINDOWS\System32\msvcp_win.dll
0x00007fffe8ed0000 - 0x00007fffe8fca000 	C:\WINDOWS\System32\ucrtbase.dll
0x00007fffde760000 - 0x00007fffde9c9000 	C:\WINDOWS\WinSxS\amd64_microsoft.windows.common-controls_6595b64144ccf1df_6.0.17133.1_none_e4d992df105abfa4\COMCTL32.dll
0x00007fffe9300000 - 0x00007fffe9623000 	C:\WINDOWS\System32\combase.dll
0x00007fffe8de0000 - 0x00007fffe8e5a000 	C:\WINDOWS\System32\bcryptPrimitives.dll
0x00007fffe91e0000 - 0x00007fffe920d000 	C:\WINDOWS\System32\IMM32.DLL
0x000000005eeb0000 - 0x000000005ef82000 	D:\Program Files\Java\jdk1.8.0_131\jre\bin\msvcr100.dll
0x000000005c800000 - 0x000000005d09c000 	D:\Program Files\Java\jdk1.8.0_131\jre\bin\server\jvm.dll
0x00007fffe9ac0000 - 0x00007fffe9ac8000 	C:\WINDOWS\System32\PSAPI.DLL
0x00007fffe4ea0000 - 0x00007fffe4ec3000 	C:\WINDOWS\SYSTEM32\WINMM.dll
0x00007fffe4c80000 - 0x00007fffe4c89000 	C:\WINDOWS\SYSTEM32\WSOCK32.dll
0x00007fffe0080000 - 0x00007fffe008a000 	C:\WINDOWS\SYSTEM32\VERSION.dll
0x00007fffeb5f0000 - 0x00007fffeb65c000 	C:\WINDOWS\System32\WS2_32.dll
0x00007fffe4e70000 - 0x00007fffe4e9a000 	C:\WINDOWS\SYSTEM32\winmmbase.dll
0x00007fffe8e60000 - 0x00007fffe8ea9000 	C:\WINDOWS\System32\cfgmgr32.dll
0x000000005eea0000 - 0x000000005eeaf000 	D:\Program Files\Java\jdk1.8.0_131\jre\bin\verify.dll
0x000000005ee70000 - 0x000000005ee99000 	D:\Program Files\Java\jdk1.8.0_131\jre\bin\java.dll
0x000000005c6d0000 - 0x000000005c6f3000 	D:\Program Files\Java\jdk1.8.0_131\jre\bin\instrument.dll
0x000000005c7e0000 - 0x000000005c7f6000 	D:\Program Files\Java\jdk1.8.0_131\jre\bin\zip.dll
0x00007fffe9b70000 - 0x00007fffeafb0000 	C:\WINDOWS\System32\SHELL32.dll
0x00007fffeb660000 - 0x00007fffeb709000 	C:\WINDOWS\System32\shcore.dll
0x00007fffe8450000 - 0x00007fffe8b5d000 	C:\WINDOWS\System32\windows.storage.dll
0x00007fffeb310000 - 0x00007fffeb361000 	C:\WINDOWS\System32\shlwapi.dll
0x00007fffe80a0000 - 0x00007fffe80b1000 	C:\WINDOWS\System32\kernel.appcore.dll
0x00007fffe80c0000 - 0x00007fffe80df000 	C:\WINDOWS\System32\profapi.dll
0x00007fffe8050000 - 0x00007fffe809c000 	C:\WINDOWS\System32\powrprof.dll
0x00007fffe8040000 - 0x00007fffe804a000 	C:\WINDOWS\System32\FLTLIB.DLL
0x00007fffd5b90000 - 0x00007fffd5baa000 	D:\Program Files (x86)\IDE\IdeaIU\bin\breakgen64.dll
0x000000005c6b0000 - 0x000000005c6ca000 	D:\Program Files\Java\jdk1.8.0_131\jre\bin\net.dll
0x00007fffe78c0000 - 0x00007fffe7926000 	C:\WINDOWS\system32\mswsock.dll
0x00007fffc4950000 - 0x00007fffc49a1000 	C:\Users\QUINN\.javacpp\cache\opencv-3.4.1-1.4.1-windows-x86_64.jar\org\bytedeco\javacpp\windows-x86_64\concrt140.dll
0x00007fffb0e70000 - 0x00007fffb0f1a000 	C:\WINDOWS\SYSTEM32\MSVCP140.dll
0x00007fffd3470000 - 0x00007fffd3486000 	C:\WINDOWS\SYSTEM32\VCRUNTIME140.dll
0x000000005c690000 - 0x000000005c6a1000 	D:\Program Files\Java\jdk1.8.0_131\jre\bin\nio.dll
0x00007fffafa50000 - 0x00007fffafaed000 	C:\Users\QUINN\.javacpp\cache\opencv-3.4.1-1.4.1-windows-x86_64.jar\org\bytedeco\javacpp\windows-x86_64\msvcp140.dll
0x00007fffd31b0000 - 0x00007fffd31c7000 	C:\Users\QUINN\.javacpp\cache\opencv-3.4.1-1.4.1-windows-x86_64.jar\org\bytedeco\javacpp\windows-x86_64\vcruntime140.dll
0x00000000026b0000 - 0x00000000026b3000 	C:\Users\QUINN\.javacpp\cache\opencv-3.4.1-1.4.1-windows-x86_64.jar\org\bytedeco\javacpp\windows-x86_64\api-ms-win-crt-locale-l1-1-0.dll
0x00000000026c0000 - 0x00000000026c4000 	C:\Users\QUINN\.javacpp\cache\opencv-3.4.1-1.4.1-windows-x86_64.jar\org\bytedeco\javacpp\windows-x86_64\api-ms-win-crt-string-l1-1-0.dll
0x0000000020940000 - 0x0000000020944000 	C:\Users\QUINN\.javacpp\cache\opencv-3.4.1-1.4.1-windows-x86_64.jar\org\bytedeco\javacpp\windows-x86_64\api-ms-win-crt-stdio-l1-1-0.dll
0x0000000020950000 - 0x0000000020955000 	C:\Users\QUINN\.javacpp\cache\opencv-3.4.1-1.4.1-windows-x86_64.jar\org\bytedeco\javacpp\windows-x86_64\api-ms-win-crt-math-l1-1-0.dll
0x0000000020960000 - 0x0000000020963000 	C:\Users\QUINN\.javacpp\cache\opencv-3.4.1-1.4.1-windows-x86_64.jar\org\bytedeco\javacpp\windows-x86_64\api-ms-win-crt-heap-l1-1-0.dll
0x0000000020970000 - 0x0000000020974000 	C:\Users\QUINN\.javacpp\cache\opencv-3.4.1-1.4.1-windows-x86_64.jar\org\bytedeco\javacpp\windows-x86_64\api-ms-win-crt-runtime-l1-1-0.dll
0x0000000020980000 - 0x0000000020984000 	C:\Users\QUINN\.javacpp\cache\opencv-3.4.1-1.4.1-windows-x86_64.jar\org\bytedeco\javacpp\windows-x86_64\api-ms-win-crt-convert-l1-1-0.dll
0x0000000020990000 - 0x0000000020993000 	C:\Users\QUINN\.javacpp\cache\opencv-3.4.1-1.4.1-windows-x86_64.jar\org\bytedeco\javacpp\windows-x86_64\api-ms-win-crt-environment-l1-1-0.dll
0x00000000209a0000 - 0x00000000209a3000 	C:\Users\QUINN\.javacpp\cache\opencv-3.4.1-1.4.1-windows-x86_64.jar\org\bytedeco\javacpp\windows-x86_64\api-ms-win-crt-time-l1-1-0.dll
0x00000000209b0000 - 0x00000000209b3000 	C:\Users\QUINN\.javacpp\cache\opencv-3.4.1-1.4.1-windows-x86_64.jar\org\bytedeco\javacpp\windows-x86_64\api-ms-win-crt-filesystem-l1-1-0.dll
0x00000000209c0000 - 0x00000000209c3000 	C:\Users\QUINN\.javacpp\cache\opencv-3.4.1-1.4.1-windows-x86_64.jar\org\bytedeco\javacpp\windows-x86_64\api-ms-win-crt-utility-l1-1-0.dll
0x00000000209d0000 - 0x00000000209d5000 	C:\Users\QUINN\.javacpp\cache\opencv-3.4.1-1.4.1-windows-x86_64.jar\org\bytedeco\javacpp\windows-x86_64\api-ms-win-crt-multibyte-l1-1-0.dll
0x00007fff96370000 - 0x00007fff96674000 	C:\Users\QUINN\.javacpp\cache\opencv-3.4.1-1.4.1-windows-x86_64.jar\org\bytedeco\javacpp\windows-x86_64\opencv_core341.dll
0x00007fff95f60000 - 0x00007fff96365000 	C:\Users\QUINN\.javacpp\cache\opencv-3.4.1-1.4.1-windows-x86_64.jar\org\bytedeco\javacpp\windows-x86_64\opencv_imgproc341.dll
0x00007fff95bd0000 - 0x00007fff95f5e000 	C:\Users\QUINN\.javacpp\cache\opencv-3.4.1-1.4.1-windows-x86_64.jar\org\bytedeco\javacpp\windows-x86_64\jniopencv_core.dll
0x00007fff9dcd0000 - 0x00007fff9de26000 	C:\Users\QUINN\.javacpp\cache\opencv-3.4.1-1.4.1-windows-x86_64.jar\org\bytedeco\javacpp\windows-x86_64\jniopencv_imgproc.dll
0x00007fff992f0000 - 0x00007fff995bf000 	C:\Users\QUINN\.javacpp\cache\opencv-3.4.1-1.4.1-windows-x86_64.jar\org\bytedeco\javacpp\windows-x86_64\opencv_imgcodecs341.dll
0x00007fffcdda0000 - 0x00007fffcddd4000 	C:\Users\QUINN\.javacpp\cache\opencv-3.4.1-1.4.1-windows-x86_64.jar\org\bytedeco\javacpp\windows-x86_64\jniopencv_imgcodecs.dll
0x00007fffcaab0000 - 0x00007fffcab36000 	C:\Users\QUINN\.javacpp\cache\opencv-3.4.1-1.4.1-windows-x86_64.jar\org\bytedeco\javacpp\windows-x86_64\opencv_video341.dll
0x00007fffcaa60000 - 0x00007fffcaaae000 	C:\Users\QUINN\.javacpp\cache\opencv-3.4.1-1.4.1-windows-x86_64.jar\org\bytedeco\javacpp\windows-x86_64\jniopencv_video.dll
0x00007fffaebf0000 - 0x00007fffaedb9000 	C:\WINDOWS\SYSTEM32\dbghelp.dll

VM Arguments:
jvm_args: -javaagent:D:\Program Files (x86)\IDE\IdeaIU\lib\idea_rt.jar=59378:D:\Program Files (x86)\IDE\IdeaIU\bin -Dfile.encoding=UTF-8 
java_command: org.quinn.test.OpticalFlowTracker
java_class_path (initial): D:\Program Files\Java\jdk1.8.0_131\jre\lib\charsets.jar;D:\Program Files\Java\jdk1.8.0_131\jre\lib\deploy.jar;D:\Program Files\Java\jdk1.8.0_131\jre\lib\ext\access-bridge-64.jar;D:\Program Files\Java\jdk1.8.0_131\jre\lib\ext\cldrdata.jar;D:\Program Files\Java\jdk1.8.0_131\jre\lib\ext\dnsns.jar;D:\Program Files\Java\jdk1.8.0_131\jre\lib\ext\jaccess.jar;D:\Program Files\Java\jdk1.8.0_131\jre\lib\ext\jfxrt.jar;D:\Program Files\Java\jdk1.8.0_131\jre\lib\ext\localedata.jar;D:\Program Files\Java\jdk1.8.0_131\jre\lib\ext\nashorn.jar;D:\Program Files\Java\jdk1.8.0_131\jre\lib\ext\sunec.jar;D:\Program Files\Java\jdk1.8.0_131\jre\lib\ext\sunjce_provider.jar;D:\Program Files\Java\jdk1.8.0_131\jre\lib\ext\sunmscapi.jar;D:\Program Files\Java\jdk1.8.0_131\jre\lib\ext\sunpkcs11.jar;D:\Program Files\Java\jdk1.8.0_131\jre\lib\ext\zipfs.jar;D:\Program Files\Java\jdk1.8.0_131\jre\lib\javaws.jar;D:\Program Files\Java\jdk1.8.0_131\jre\lib\jce.jar;D:\Program Files\Java\jdk1.8.0_131\jre\lib\jfr.jar;D:\Program Files\Java\jdk1.8.0_131\jre\lib\jfxswt.jar;D:\Program Files\Java\jdk1.8.0_131\jre\lib\jsse.jar;D:\Program Files\Java\jdk1.8.0_131\jre\lib\management-agent.jar;D:\Program Files\Java\jdk1.8.0_131\jre\lib\plugin.jar;D:\Program Files\Java\jdk1.8.0_131\jre\lib\resources.jar;D:\Program Files\Java\jdk1.8.0_131\jre\lib\rt.jar;D:\Work\Pro\Git\test\target\classes;D:\Data\Maven\.m2\Repository\org\bytedeco\javacv-platform\1.4.1\javacv-platform-1.4.1.jar;D:\Data\Maven\.m2\Repository\org\bytedeco\javacv\1.4.1\javacv-1.4.1.jar;D:\Data\Maven\.m2\Repository\org\bytedeco\javacpp\1.4.1\javacpp-1.4.1.jar;D:\Data\Maven\.m2\Repository\org\bytedeco\javacpp-presets\opencv\3.4.1-1.4.1\opencv-3.4.1-1.4.1.jar;D:\Data\Maven\.m2\Repository\org\bytedeco\javacpp-presets\ffmpeg\3.4.2-1.4.1\ffmpeg-3.4.2-1.4.1.jar;D:\Data\Maven\.m2\Repository\org\bytedeco\javacpp-presets\flycapture\2.11.3.121-1.4.1\flycapture-2.11.3.121-1.4.1.jar;D:\Data\Maven\.m2\Repository\org\bytedeco\javacpp-presets\l
Launcher Type: SUN_STANDARD

Environment Variables:
JAVA_HOME=D:\Program Files\Java\jdk1.8.0_131
CLASSPATH=.;D:\Program Files\Java\jdk1.8.0_131\lib;D:\Program Files\Java\jdk1.8.0_131\lib\tools.jar
PATH=C:\WINDOWS\system32;C:\WINDOWS;C:\WINDOWS\System32\Wbem;C:\WINDOWS\System32\WindowsPowerShell\v1.0\;D:\Lang\Go\\bin;D:\Work\Pro\Go\bin;D:\Program Files\Git\cmd;D:\Lang\Node;C:\WINDOWS\System32\LibreSSL\;C:\WINDOWS\System32\OpenSSH\;D:\Program Files\Java\jdk1.8.0_131\bin;D:\Services\maven\apache-maven-3.5.0\bin;D:\Lang\Python\Python27;D:\Lang\Python\Python27\Scripts;D:\sbt\tool\bin;C:\Users\QUINN\AppData\Local\Microsoft\WindowsApps;;D:\Program Files\Microsoft VS Code\bin
USERNAME=QUINN
OS=Windows_NT
PROCESSOR_IDENTIFIER=Intel64 Family 6 Model 60 Stepping 3, GenuineIntel



---------------  S Y S T E M  ---------------

OS: Windows 10.0 , 64 bit Build 17133 (10.0.17133.1)

CPU:total 8 (initial active 8) (4 cores per cpu, 2 threads per core) family 6 model 60 stepping 3, cmov, cx8, fxsr, mmx, sse, sse2, sse3, ssse3, sse4.1, sse4.2, popcnt, avx, avx2, aes, clmul, erms, lzcnt, ht, tsc, tscinvbit, bmi1, bmi2

Memory: 4k page, physical 16657432k(8389680k free), swap 19147800k(3739088k free)

vm_info: Java HotSpot(TM) 64-Bit Server VM (25.131-b11) for windows-amd64 JRE (1.8.0_131-b11), built on Mar 15 2017 01:23:53 by "java_re" with MS VC++ 10.0 (VS2010)

time: Sun May 13 16:52:09 2018
elapsed time: 4 seconds (0d 0h 0m 4s)

